[2025-12-19 17:41:31Z INFO HostContext] No proxy settings were found based on environmental variables (http_proxy/https_proxy/HTTP_PROXY/HTTPS_PROXY)
[2025-12-19 17:41:31Z INFO HostContext] Well known directory 'Bin': 'C:\Users\bimzl\Project\actions-runner\bin'
[2025-12-19 17:41:31Z INFO HostContext] Well known directory 'Root': 'C:\Users\bimzl\Project\actions-runner'
[2025-12-19 17:41:31Z INFO HostContext] Well known config file 'Credentials': 'C:\Users\bimzl\Project\actions-runner\.credentials'
[2025-12-19 17:41:31Z INFO HostContext] Well known directory 'Bin': 'C:\Users\bimzl\Project\actions-runner\bin'
[2025-12-19 17:41:31Z INFO HostContext] Well known directory 'Root': 'C:\Users\bimzl\Project\actions-runner'
[2025-12-19 17:41:31Z INFO HostContext] Well known config file 'Runner': 'C:\Users\bimzl\Project\actions-runner\.runner'
[2025-12-19 17:41:31Z INFO Listener] Runner is built for Windows (X64) - win-x64.
[2025-12-19 17:41:31Z INFO Listener] RuntimeInformation: Microsoft Windows 10.0.26200.
[2025-12-19 17:41:31Z INFO Listener] Version: 2.330.0
[2025-12-19 17:41:31Z INFO Listener] Commit: e2088f1fc730f9e857bec485223b090ef0e3cb87
[2025-12-19 17:41:31Z INFO Listener] Culture: ru-UA
[2025-12-19 17:41:31Z INFO Listener] UI Culture: uk-UA
[2025-12-19 17:41:31Z INFO HostContext] Well known directory 'Bin': 'C:\Users\bimzl\Project\actions-runner\bin'
[2025-12-19 17:41:31Z INFO HostContext] Well known directory 'Root': 'C:\Users\bimzl\Project\actions-runner'
[2025-12-19 17:41:31Z INFO Listener] Validating directory permissions for: 'C:\Users\bimzl\Project\actions-runner'
[2025-12-19 17:41:31Z INFO CommandLineParser] Parse
[2025-12-19 17:41:31Z INFO CommandLineParser] Parsing 1 args
[2025-12-19 17:41:31Z INFO CommandLineParser] parsing argument
[2025-12-19 17:41:31Z INFO CommandLineParser] HasArgs: False
[2025-12-19 17:41:31Z INFO CommandLineParser] Adding Command: run
[2025-12-19 17:41:31Z INFO Listener] Arguments parsed
[2025-12-19 17:41:31Z INFO Runner] ExecuteCommand
[2025-12-19 17:41:31Z INFO ConfigurationStore] currentAssemblyLocation: C:\Users\bimzl\Project\actions-runner\bin\Runner.Listener.dll
[2025-12-19 17:41:31Z INFO HostContext] Well known directory 'Bin': 'C:\Users\bimzl\Project\actions-runner\bin'
[2025-12-19 17:41:31Z INFO ConfigurationStore] binPath: C:\Users\bimzl\Project\actions-runner\bin
[2025-12-19 17:41:31Z INFO HostContext] Well known directory 'Bin': 'C:\Users\bimzl\Project\actions-runner\bin'
[2025-12-19 17:41:31Z INFO HostContext] Well known directory 'Root': 'C:\Users\bimzl\Project\actions-runner'
[2025-12-19 17:41:31Z INFO ConfigurationStore] RootFolder: C:\Users\bimzl\Project\actions-runner
[2025-12-19 17:41:31Z INFO HostContext] Well known directory 'Bin': 'C:\Users\bimzl\Project\actions-runner\bin'
[2025-12-19 17:41:31Z INFO HostContext] Well known directory 'Root': 'C:\Users\bimzl\Project\actions-runner'
[2025-12-19 17:41:31Z INFO HostContext] Well known config file 'Runner': 'C:\Users\bimzl\Project\actions-runner\.runner'
[2025-12-19 17:41:31Z INFO ConfigurationStore] ConfigFilePath: C:\Users\bimzl\Project\actions-runner\.runner
[2025-12-19 17:41:31Z INFO HostContext] Well known directory 'Bin': 'C:\Users\bimzl\Project\actions-runner\bin'
[2025-12-19 17:41:31Z INFO HostContext] Well known directory 'Root': 'C:\Users\bimzl\Project\actions-runner'
[2025-12-19 17:41:31Z INFO HostContext] Well known config file 'MigratedRunner': 'C:\Users\bimzl\Project\actions-runner\.runner_migrated'
[2025-12-19 17:41:31Z INFO ConfigurationStore] MigratedConfigFilePath: C:\Users\bimzl\Project\actions-runner\.runner_migrated
[2025-12-19 17:41:31Z INFO HostContext] Well known directory 'Bin': 'C:\Users\bimzl\Project\actions-runner\bin'
[2025-12-19 17:41:31Z INFO HostContext] Well known directory 'Root': 'C:\Users\bimzl\Project\actions-runner'
[2025-12-19 17:41:31Z INFO HostContext] Well known config file 'Credentials': 'C:\Users\bimzl\Project\actions-runner\.credentials'
[2025-12-19 17:41:31Z INFO ConfigurationStore] CredFilePath: C:\Users\bimzl\Project\actions-runner\.credentials
[2025-12-19 17:41:31Z INFO HostContext] Well known directory 'Bin': 'C:\Users\bimzl\Project\actions-runner\bin'
[2025-12-19 17:41:31Z INFO HostContext] Well known directory 'Root': 'C:\Users\bimzl\Project\actions-runner'
[2025-12-19 17:41:31Z INFO HostContext] Well known config file 'MigratedCredentials': 'C:\Users\bimzl\Project\actions-runner\.credentials_migrated'
[2025-12-19 17:41:31Z INFO ConfigurationStore] MigratedCredFilePath: C:\Users\bimzl\Project\actions-runner\.credentials_migrated
[2025-12-19 17:41:31Z INFO HostContext] Well known directory 'Bin': 'C:\Users\bimzl\Project\actions-runner\bin'
[2025-12-19 17:41:31Z INFO HostContext] Well known directory 'Root': 'C:\Users\bimzl\Project\actions-runner'
[2025-12-19 17:41:31Z INFO HostContext] Well known config file 'Service': 'C:\Users\bimzl\Project\actions-runner\.service'
[2025-12-19 17:41:31Z INFO ConfigurationStore] ServiceConfigFilePath: C:\Users\bimzl\Project\actions-runner\.service
[2025-12-19 17:41:31Z INFO CommandSettings] Flag 'help': 'False'
[2025-12-19 17:41:31Z INFO CommandSettings] Flag 'version': 'False'
[2025-12-19 17:41:31Z INFO CommandSettings] Flag 'commit': 'False'
[2025-12-19 17:41:31Z INFO CommandSettings] Flag 'check': 'False'
[2025-12-19 17:41:31Z INFO CommandSettings] Command 'configure': 'False'
[2025-12-19 17:41:31Z INFO CommandSettings] Command 'remove': 'False'
[2025-12-19 17:41:31Z INFO CommandSettings] Command 'warmup': 'False'
[2025-12-19 17:41:31Z INFO ConfigurationManager] LoadSettings
[2025-12-19 17:41:31Z INFO ConfigurationStore] IsConfigured()
[2025-12-19 17:41:31Z INFO ConfigurationStore] IsConfigured: True
[2025-12-19 17:41:31Z INFO ConfigurationManager] Is configured: True
[2025-12-19 17:41:31Z INFO ConfigurationStore] Read setting file: 391 chars
[2025-12-19 17:41:31Z INFO ConfigurationManager] Settings Loaded
[2025-12-19 17:41:31Z INFO ConfigurationStore] IsServiceConfigured()
[2025-12-19 17:41:31Z INFO ConfigurationStore] IsServiceConfigured: False
[2025-12-19 17:41:31Z INFO CommandSettings] Command 'run': 'True'
[2025-12-19 17:41:31Z INFO ConfigurationStore] IsConfigured()
[2025-12-19 17:41:31Z INFO ConfigurationStore] IsConfigured: True
[2025-12-19 17:41:31Z INFO ConfigurationManager] Is configured: True
[2025-12-19 17:41:31Z INFO Runner] Could not parse the argument value '' for StartupType. Defaulting to Manual
[2025-12-19 17:41:31Z INFO Runner] Set runner startup type - Manual
[2025-12-19 17:41:31Z INFO CommandSettings] Flag 'once': 'False'
[2025-12-19 17:41:31Z INFO CommandSettings] Flag 'once': 'False'
[2025-12-19 17:41:31Z INFO Runner] RunAsync
[2025-12-19 17:41:31Z INFO ConfigurationManager] LoadMigratedSettings
[2025-12-19 17:41:31Z INFO ConfigurationStore] IsMigratedConfigured()
[2025-12-19 17:41:31Z INFO ConfigurationStore] IsMigratedConfigured: False
[2025-12-19 17:41:31Z INFO Runner] Failed to load migrated settings: No migrated configuration found.
[2025-12-19 17:41:31Z INFO Runner] Falling back to original .runner settings
[2025-12-19 17:41:31Z INFO Runner] Using BrokerMessageListener
[2025-12-19 17:41:31Z INFO BrokerMessageListener] Using provided settings
[2025-12-19 17:41:31Z INFO BrokerMessageListener] {
  "AgentId": 2,
  "AgentName": "Alina",
  "PoolId": 1,
  "PoolName": "Default",
  "ServerUrl": "https://pipelinesghubeus4.actions.githubusercontent.com/n8SP7pPAqE5PJUJcdpxfDInXDQiXWrio4GtTXRFPocWsgqLjix/",
  "GitHubUrl": "https://github.com/petricenkoalina/Project",
  "WorkFolder": "_work",
  "UseV2Flow": true,
  "ServerUrlV2": "https://broker.actions.githubusercontent.com/"
}
[2025-12-19 17:41:31Z INFO BrokerMessageListener] Loading Credentials
[2025-12-19 17:41:31Z INFO ConfigurationStore] HasCredentials()
[2025-12-19 17:41:31Z INFO ConfigurationStore] stored True
[2025-12-19 17:41:31Z INFO CredentialManager] GetCredentialProvider
[2025-12-19 17:41:31Z INFO CredentialManager] Creating type OAuth
[2025-12-19 17:41:31Z INFO CredentialManager] Creating credential type: OAuth
[2025-12-19 17:41:31Z INFO HostContext] Well known directory 'Bin': 'C:\Users\bimzl\Project\actions-runner\bin'
[2025-12-19 17:41:31Z INFO HostContext] Well known directory 'Root': 'C:\Users\bimzl\Project\actions-runner'
[2025-12-19 17:41:31Z INFO HostContext] Well known config file 'RSACredentials': 'C:\Users\bimzl\Project\actions-runner\.credentials_rsaparams'
[2025-12-19 17:41:31Z INFO RSAEncryptedFileKeyManager] Loading RSA key parameters from file C:\Users\bimzl\Project\actions-runner\.credentials_rsaparams
[2025-12-19 17:41:31Z INFO BrokerMessageListener] Attempt to create session.
[2025-12-19 17:41:31Z INFO BrokerMessageListener] Connecting to the Broker Server...
[2025-12-19 17:41:31Z INFO ConfigurationStore] HasCredentials()
[2025-12-19 17:41:31Z INFO ConfigurationStore] stored True
[2025-12-19 17:41:31Z INFO CredentialManager] GetCredentialProvider
[2025-12-19 17:41:31Z INFO CredentialManager] Creating type OAuth
[2025-12-19 17:41:31Z INFO CredentialManager] Creating credential type: OAuth
[2025-12-19 17:41:31Z INFO RSAEncryptedFileKeyManager] Loading RSA key parameters from file C:\Users\bimzl\Project\actions-runner\.credentials_rsaparams
[2025-12-19 17:41:31Z INFO BrokerMessageListener] VssConnection created
[2025-12-19 17:41:31Z INFO BrokerMessageListener] Connecting to the Runner server...
[2025-12-19 17:41:31Z INFO RunnerServer] EstablishVssConnection
[2025-12-19 17:41:31Z INFO RunnerServer] Establish connection with 100 seconds timeout.
[2025-12-19 17:41:31Z INFO GitHubActionsService] Starting operation Location.GetConnectionData
[2025-12-19 17:41:31Z INFO RunnerServer] EstablishVssConnection
[2025-12-19 17:41:31Z INFO RunnerServer] Establish connection with 60 seconds timeout.
[2025-12-19 17:41:31Z INFO GitHubActionsService] Starting operation Location.GetConnectionData
[2025-12-19 17:41:31Z INFO RunnerServer] EstablishVssConnection
[2025-12-19 17:41:31Z INFO RunnerServer] Establish connection with 60 seconds timeout.
[2025-12-19 17:41:31Z INFO GitHubActionsService] Starting operation Location.GetConnectionData
[2025-12-19 17:41:32Z INFO GitHubActionsService] Finished operation Location.GetConnectionData
[2025-12-19 17:41:32Z INFO GitHubActionsService] Finished operation Location.GetConnectionData
[2025-12-19 17:41:32Z INFO GitHubActionsService] Finished operation Location.GetConnectionData
[2025-12-19 17:41:32Z INFO BrokerMessageListener] VssConnection created
[2025-12-19 17:41:32Z INFO Terminal] WRITE LINE: 
[2025-12-19 17:41:32Z INFO Terminal] WRITE LINE: 
[2025-12-19 17:41:32Z INFO RSAEncryptedFileKeyManager] Loading RSA key parameters from file C:\Users\bimzl\Project\actions-runner\.credentials_rsaparams
[2025-12-19 17:41:32Z INFO RSAEncryptedFileKeyManager] Loading RSA key parameters from file C:\Users\bimzl\Project\actions-runner\.credentials_rsaparams
[2025-12-19 17:41:33Z INFO GitHubActionsService] AAD Correlation ID for this token request: Unknown
[2025-12-19 17:41:33Z INFO BrokerMessageListener] Session created.
[2025-12-19 17:41:33Z INFO Terminal] WRITE LINE: Current runner version: '2.330.0'
[2025-12-19 17:41:33Z INFO Terminal] WRITE LINE: 2025-12-19 17:41:33Z: Listening for Jobs
[2025-12-19 17:41:33Z INFO JobDispatcher] Set runner/worker IPC timeout to 30 seconds.
[2025-12-19 17:42:00Z INFO BrokerMessageListener] Acknowledging runner request 'd1fa9a17-fd29-5b37-9409-67a72f9b3c1a'.
[2025-12-19 17:42:00Z INFO ConfigurationStore] HasCredentials()
[2025-12-19 17:42:00Z INFO ConfigurationStore] stored True
[2025-12-19 17:42:00Z INFO CredentialManager] GetCredentialProvider
[2025-12-19 17:42:00Z INFO CredentialManager] Creating type OAuth
[2025-12-19 17:42:00Z INFO CredentialManager] Creating credential type: OAuth
[2025-12-19 17:42:00Z INFO RSAEncryptedFileKeyManager] Loading RSA key parameters from file C:\Users\bimzl\Project\actions-runner\.credentials_rsaparams
[2025-12-19 17:42:00Z INFO RSAEncryptedFileKeyManager] Loading RSA key parameters from file C:\Users\bimzl\Project\actions-runner\.credentials_rsaparams
[2025-12-19 17:42:00Z INFO RSAEncryptedFileKeyManager] Loading RSA key parameters from file C:\Users\bimzl\Project\actions-runner\.credentials_rsaparams
[2025-12-19 17:42:00Z INFO GitHubActionsService] AAD Correlation ID for this token request: Unknown
[2025-12-19 17:42:01Z INFO JobDispatcher] Job request 0 for plan 0cf7ebec-0f6b-4cd3-ae41-47f77704107f job d1fa9a17-fd29-5b37-9409-67a72f9b3c1a received.
[2025-12-19 17:42:01Z INFO JobDispatcher] Pull OrchestrationId 0cf7ebec-0f6b-4cd3-ae41-47f77704107f.sonarqube.__default from JWT claims
[2025-12-19 17:42:01Z INFO BrokerMessageListener] Received job status event. JobState: Busy
[2025-12-19 17:42:01Z INFO BrokerMessageListener] _getMessagesTokenSource is already disposed.
[2025-12-19 17:42:01Z INFO Terminal] WRITE LINE: 2025-12-19 17:42:01Z: Running job: sonarqube
[2025-12-19 17:42:01Z INFO JobDispatcher] Start renew job request 0 for job d1fa9a17-fd29-5b37-9409-67a72f9b3c1a.
[2025-12-19 17:42:02Z INFO JobDispatcher] Successfully renew job d1fa9a17-fd29-5b37-9409-67a72f9b3c1a, job is valid till 19.12.2025 17:52:02
[2025-12-19 17:42:02Z INFO HostContext] Well known directory 'Bin': 'C:\Users\bimzl\Project\actions-runner\bin'
[2025-12-19 17:42:02Z INFO ProcessInvokerWrapper] Starting process:
[2025-12-19 17:42:02Z INFO ProcessInvokerWrapper]   File name: 'C:\Users\bimzl\Project\actions-runner\bin\Runner.Worker.exe'
[2025-12-19 17:42:02Z INFO ProcessInvokerWrapper]   Arguments: 'spawnclient 2340 2352'
[2025-12-19 17:42:02Z INFO ProcessInvokerWrapper]   Working directory: 'C:\Users\bimzl\Project\actions-runner\bin'
[2025-12-19 17:42:02Z INFO ProcessInvokerWrapper]   Require exit code zero: 'False'
[2025-12-19 17:42:02Z INFO ProcessInvokerWrapper]   Encoding web name:  ; code page: ''
[2025-12-19 17:42:02Z INFO ProcessInvokerWrapper]   Force kill process on cancellation: 'True'
[2025-12-19 17:42:02Z INFO ProcessInvokerWrapper]   Redirected STDIN: 'False'
[2025-12-19 17:42:02Z INFO ProcessInvokerWrapper]   Persist current code page: 'False'
[2025-12-19 17:42:02Z INFO ProcessInvokerWrapper]   Keep redirected STDIN open: 'False'
[2025-12-19 17:42:02Z INFO ProcessInvokerWrapper]   High priority process: 'True'
[2025-12-19 17:42:02Z INFO ProcessInvokerWrapper] Process started with process id 26088, waiting for process exit.
[2025-12-19 17:42:02Z INFO JobDispatcher] Send job request message to worker for job d1fa9a17-fd29-5b37-9409-67a72f9b3c1a.
[2025-12-19 17:42:02Z INFO ProcessChannel] Sending message of length 19602, with hash 'ca78bb8a98cb0f0a4818edc6bfb9f1cb2c703445b4e740068de91751909e915b'
[2025-12-19 17:42:03Z INFO JobNotification] Entering JobStarted Notification
[2025-12-19 17:42:03Z INFO JobNotification] Entering StartMonitor
[2025-12-19 17:42:19Z INFO ProcessInvokerWrapper] STDOUT/STDERR stream read finished.
[2025-12-19 17:42:19Z INFO ProcessInvokerWrapper] STDOUT/STDERR stream read finished.
[2025-12-19 17:42:19Z INFO ProcessInvokerWrapper] Finished process 26088 with exit code 102, and elapsed time 00:00:16.9101313.
[2025-12-19 17:42:19Z INFO JobDispatcher] Worker finished for job d1fa9a17-fd29-5b37-9409-67a72f9b3c1a. Code: 102
[2025-12-19 17:42:19Z INFO JobDispatcher] finish job request for job d1fa9a17-fd29-5b37-9409-67a72f9b3c1a with result: Failed
[2025-12-19 17:42:19Z INFO Terminal] WRITE LINE: 2025-12-19 17:42:19Z: Job sonarqube completed with result: Failed
[2025-12-19 17:42:19Z INFO JobDispatcher] Stop renew job request for job d1fa9a17-fd29-5b37-9409-67a72f9b3c1a.
[2025-12-19 17:42:19Z INFO JobDispatcher] job renew has been cancelled, stop renew job d1fa9a17-fd29-5b37-9409-67a72f9b3c1a.
[2025-12-19 17:42:19Z INFO JobNotification] Entering JobCompleted Notification
[2025-12-19 17:42:19Z INFO JobNotification] Entering EndMonitor
[2025-12-19 17:42:19Z INFO BrokerMessageListener] Received job status event. JobState: Online
[2025-12-19 17:42:19Z WARN GitHubActionsService] GET request to https://broker.actions.githubusercontent.com/message?sessionId=ab86f619-5764-4cd6-890a-95daea3504a8&status=Busy&runnerVersion=2.330.0&os=Windows&architecture=X64&disableUpdate=false has been cancelled.
[2025-12-19 17:42:19Z ERR  BrokerServer] Catch exception during request
[2025-12-19 17:42:19Z ERR  BrokerServer] System.Threading.Tasks.TaskCanceledException: The operation was canceled.
 ---> System.Threading.Tasks.TaskCanceledException: The operation was canceled.
 ---> System.IO.IOException: Unable to read data from the transport connection: The I/O operation has been aborted because of either a thread exit or an application request..
 ---> System.Net.Sockets.SocketException (995): The I/O operation has been aborted because of either a thread exit or an application request.
   --- End of inner exception stack trace ---
   at System.Net.Sockets.Socket.AwaitableSocketAsyncEventArgs.ThrowException(SocketError error, CancellationToken cancellationToken)
   at System.Net.Sockets.Socket.AwaitableSocketAsyncEventArgs.System.Threading.Tasks.Sources.IValueTaskSource<System.Int32>.GetResult(Int16 token)
   at System.Net.Security.SslStream.EnsureFullTlsFrameAsync[TIOAdapter](CancellationToken cancellationToken, Int32 estimatedSize)
   at System.Runtime.CompilerServices.PoolingAsyncValueTaskMethodBuilder`1.StateMachineBox`1.System.Threading.Tasks.Sources.IValueTaskSource<TResult>.GetResult(Int16 token)
   at System.Net.Security.SslStream.ReadAsyncInternal[TIOAdapter](Memory`1 buffer, CancellationToken cancellationToken)
   at System.Runtime.CompilerServices.PoolingAsyncValueTaskMethodBuilder`1.StateMachineBox`1.System.Threading.Tasks.Sources.IValueTaskSource<TResult>.GetResult(Int16 token)
   at System.Net.Http.HttpConnection.SendAsync(HttpRequestMessage request, Boolean async, CancellationToken cancellationToken)
   --- End of inner exception stack trace ---
   at System.Net.Http.HttpConnection.SendAsync(HttpRequestMessage request, Boolean async, CancellationToken cancellationToken)
   at System.Net.Http.AuthenticationHelper.SendWithNtAuthAsync(HttpRequestMessage request, Uri authUri, Boolean async, ICredentials credentials, Boolean isProxyAuth, HttpConnection connection, HttpConnectionPool connectionPool, CancellationToken cancellationToken)
   at System.Net.Http.HttpConnectionPool.SendWithVersionDetectionAndRetryAsync(HttpRequestMessage request, Boolean async, Boolean doRequestAuth, CancellationToken cancellationToken)
   at System.Net.Http.AuthenticationHelper.SendWithAuthAsync(HttpRequestMessage request, Uri authUri, Boolean async, ICredentials credentials, Boolean preAuthenticate, Boolean isProxyAuth, Boolean doRequestAuth, HttpConnectionPool pool, CancellationToken cancellationToken)
   at System.Net.Http.RedirectHandler.SendAsync(HttpRequestMessage request, Boolean async, CancellationToken cancellationToken)
   at GitHub.Services.Common.RawHttpMessageHandler.SendAsync(HttpRequestMessage request, CancellationToken cancellationToken)
   at GitHub.Services.Common.VssHttpRetryMessageHandler.SendAsync(HttpRequestMessage request, CancellationToken cancellationToken)
   at System.Net.Http.HttpClient.<SendAsync>g__Core|83_0(HttpRequestMessage request, HttpCompletionOption completionOption, CancellationTokenSource cts, Boolean disposeCts, CancellationTokenSource pendingRequestsCts, CancellationToken originalCancellationToken)
   --- End of inner exception stack trace ---
   at System.Net.Http.HttpClient.HandleFailure(Exception e, Boolean telemetryStarted, HttpResponseMessage response, CancellationTokenSource cts, CancellationToken cancellationToken, CancellationTokenSource pendingRequestsCts)
   at System.Net.Http.HttpClient.<SendAsync>g__Core|83_0(HttpRequestMessage request, HttpCompletionOption completionOption, CancellationTokenSource cts, Boolean disposeCts, CancellationTokenSource pendingRequestsCts, CancellationToken originalCancellationToken)
   at Sdk.WebApi.WebApi.RawHttpClientBase.SendAsync(HttpRequestMessage message, HttpCompletionOption completionOption, Object userState, CancellationToken cancellationToken)
   at Sdk.WebApi.WebApi.RawHttpClientBase.SendAsync[T](HttpRequestMessage message, Boolean readErrorBody, Object userState, CancellationToken cancellationToken)
   at Sdk.WebApi.WebApi.RawHttpClientBase.SendAsync[T](HttpMethod method, IEnumerable`1 additionalHeaders, Uri requestUri, HttpContent content, IEnumerable`1 queryParameters, Boolean readErrorBody, Object userState, CancellationToken cancellationToken)
   at GitHub.Actions.RunService.WebApi.BrokerHttpClient.GetRunnerMessageAsync(Nullable`1 sessionId, String runnerVersion, Nullable`1 status, String os, String architecture, Nullable`1 disableUpdate, CancellationToken cancellationToken)
   at GitHub.Runner.Common.BrokerServer.<>c__DisplayClass7_0.<<GetRunnerMessageAsync>b__0>d.MoveNext()
--- End of stack trace from previous location ---
   at GitHub.Runner.Common.RunnerService.RetryRequest[T](Func`1 func, CancellationToken cancellationToken, Int32 maxAttempts, Func`2 shouldRetry)
[2025-12-19 17:42:19Z ERR  BrokerServer] #####################################################
[2025-12-19 17:42:19Z ERR  BrokerServer] System.Threading.Tasks.TaskCanceledException: The operation was canceled.
 ---> System.IO.IOException: Unable to read data from the transport connection: The I/O operation has been aborted because of either a thread exit or an application request..
 ---> System.Net.Sockets.SocketException (995): The I/O operation has been aborted because of either a thread exit or an application request.
   --- End of inner exception stack trace ---
   at System.Net.Sockets.Socket.AwaitableSocketAsyncEventArgs.ThrowException(SocketError error, CancellationToken cancellationToken)
   at System.Net.Sockets.Socket.AwaitableSocketAsyncEventArgs.System.Threading.Tasks.Sources.IValueTaskSource<System.Int32>.GetResult(Int16 token)
   at System.Net.Security.SslStream.EnsureFullTlsFrameAsync[TIOAdapter](CancellationToken cancellationToken, Int32 estimatedSize)
   at System.Runtime.CompilerServices.PoolingAsyncValueTaskMethodBuilder`1.StateMachineBox`1.System.Threading.Tasks.Sources.IValueTaskSource<TResult>.GetResult(Int16 token)
   at System.Net.Security.SslStream.ReadAsyncInternal[TIOAdapter](Memory`1 buffer, CancellationToken cancellationToken)
   at System.Runtime.CompilerServices.PoolingAsyncValueTaskMethodBuilder`1.StateMachineBox`1.System.Threading.Tasks.Sources.IValueTaskSource<TResult>.GetResult(Int16 token)
   at System.Net.Http.HttpConnection.SendAsync(HttpRequestMessage request, Boolean async, CancellationToken cancellationToken)
   --- End of inner exception stack trace ---
   at System.Net.Http.HttpConnection.SendAsync(HttpRequestMessage request, Boolean async, CancellationToken cancellationToken)
   at System.Net.Http.AuthenticationHelper.SendWithNtAuthAsync(HttpRequestMessage request, Uri authUri, Boolean async, ICredentials credentials, Boolean isProxyAuth, HttpConnection connection, HttpConnectionPool connectionPool, CancellationToken cancellationToken)
   at System.Net.Http.HttpConnectionPool.SendWithVersionDetectionAndRetryAsync(HttpRequestMessage request, Boolean async, Boolean doRequestAuth, CancellationToken cancellationToken)
   at System.Net.Http.AuthenticationHelper.SendWithAuthAsync(HttpRequestMessage request, Uri authUri, Boolean async, ICredentials credentials, Boolean preAuthenticate, Boolean isProxyAuth, Boolean doRequestAuth, HttpConnectionPool pool, CancellationToken cancellationToken)
   at System.Net.Http.RedirectHandler.SendAsync(HttpRequestMessage request, Boolean async, CancellationToken cancellationToken)
   at GitHub.Services.Common.RawHttpMessageHandler.SendAsync(HttpRequestMessage request, CancellationToken cancellationToken)
   at GitHub.Services.Common.VssHttpRetryMessageHandler.SendAsync(HttpRequestMessage request, CancellationToken cancellationToken)
   at System.Net.Http.HttpClient.<SendAsync>g__Core|83_0(HttpRequestMessage request, HttpCompletionOption completionOption, CancellationTokenSource cts, Boolean disposeCts, CancellationTokenSource pendingRequestsCts, CancellationToken originalCancellationToken)
[2025-12-19 17:42:19Z ERR  BrokerServer] #####################################################
[2025-12-19 17:42:19Z ERR  BrokerServer] System.IO.IOException: Unable to read data from the transport connection: The I/O operation has been aborted because of either a thread exit or an application request..
 ---> System.Net.Sockets.SocketException (995): The I/O operation has been aborted because of either a thread exit or an application request.
   --- End of inner exception stack trace ---
   at System.Net.Sockets.Socket.AwaitableSocketAsyncEventArgs.ThrowException(SocketError error, CancellationToken cancellationToken)
   at System.Net.Sockets.Socket.AwaitableSocketAsyncEventArgs.System.Threading.Tasks.Sources.IValueTaskSource<System.Int32>.GetResult(Int16 token)
   at System.Net.Security.SslStream.EnsureFullTlsFrameAsync[TIOAdapter](CancellationToken cancellationToken, Int32 estimatedSize)
   at System.Runtime.CompilerServices.PoolingAsyncValueTaskMethodBuilder`1.StateMachineBox`1.System.Threading.Tasks.Sources.IValueTaskSource<TResult>.GetResult(Int16 token)
   at System.Net.Security.SslStream.ReadAsyncInternal[TIOAdapter](Memory`1 buffer, CancellationToken cancellationToken)
   at System.Runtime.CompilerServices.PoolingAsyncValueTaskMethodBuilder`1.StateMachineBox`1.System.Threading.Tasks.Sources.IValueTaskSource<TResult>.GetResult(Int16 token)
   at System.Net.Http.HttpConnection.SendAsync(HttpRequestMessage request, Boolean async, CancellationToken cancellationToken)
[2025-12-19 17:42:19Z ERR  BrokerServer] #####################################################
[2025-12-19 17:42:19Z ERR  BrokerServer] System.Net.Sockets.SocketException (995): The I/O operation has been aborted because of either a thread exit or an application request.
[2025-12-19 17:42:19Z WARN BrokerServer] Back off 13,194 seconds before next retry. 4 attempt left.
[2025-12-19 17:42:19Z INFO BrokerMessageListener] Get messages has been cancelled using local token source. Continue to get messages with new status.
